[2025-10-18 22:50:41] Invio email vendita #10 a: noreply@express.coresuite.it, ag.servizi16@gmail.com (operatore Carmine).
[2025-10-18 22:50:42] Resend accepted sale #10 email per noreply@express.coresuite.it, ag.servizi16@gmail.com (HTTP 200).
[2025-10-20 17:31:12] Invio email vendita #11 a: noreply@express.coresuite.it, giuseppeverdoliva157@gmail.com (operatore Carmine).
[2025-10-20 17:31:13] Resend accepted sale #11 email per noreply@express.coresuite.it, giuseppeverdoliva157@gmail.com (HTTP 200).
[2025-10-20 19:03:33] Invio email vendita #12 a: noreply@express.coresuite.it, c.savarese68@gmail.com (operatore Carmine).
[2025-10-20 19:03:34] Resend accepted sale #12 email per noreply@express.coresuite.it, c.savarese68@gmail.com (HTTP 200).
[2025-10-20 19:04:13] Invio email vendita #13 a: noreply@express.coresuite.it (operatore Carmine).
[2025-10-20 19:04:14] Resend accepted sale #13 email per noreply@express.coresuite.it (HTTP 200).
[2025-10-22 12:29:26] Invio email vendita #16 a: noreply@express.coresuite.it (operatore Carmine).
[2025-10-22 12:29:27] Resend accepted sale #16 email per noreply@express.coresuite.it (HTTP 200).
[2025-10-22 12:35:16] Invio email vendita #17 a: noreply@express.coresuite.it (operatore Carmine).
[2025-10-22 12:35:16] Resend accepted sale #17 email per noreply@express.coresuite.it (HTTP 200).
[2025-10-22 12:45:10] Invio email vendita #18 a: noreply@express.coresuite.it, dicapua.sabrina@gmail.com (operatore Carmine).
[2025-10-22 12:45:10] Resend accepted sale #18 email per noreply@express.coresuite.it, dicapua.sabrina@gmail.com (HTTP 200).
[2025-10-22 17:32:09] Invio email vendita #19 a: noreply@express.coresuite.it (operatore Carmine).
[2025-10-22 17:32:09] Resend accepted sale #19 email per noreply@express.coresuite.it (HTTP 200).
[2025-10-22 18:33:00] Invio email vendita #20 a: noreply@express.coresuite.it, dicapua.sabrina@gmail.com (operatore Carmine).
[2025-10-22 18:33:00] Resend accepted sale #20 email per noreply@express.coresuite.it, dicapua.sabrina@gmail.com (HTTP 200).
[2025-10-25 10:41:38] Invio email vendita #21 a: noreply@express.coresuite.it (operatore Carmine).
[2025-10-25 10:41:38] Resend accepted sale #21 email per noreply@express.coresuite.it (HTTP 200).
[2025-10-27 12:28:04] Invio email vendita #22 a: noreply@express.coresuite.it (operatore Carmine).
[2025-10-27 12:28:05] Resend accepted sale #22 email per noreply@express.coresuite.it (HTTP 200).
[2025-10-27 12:53:22] Invio email vendita #23 a: noreply@express.coresuite.it (operatore Carmine).
[2025-10-27 12:53:22] Resend accepted sale #23 email per noreply@express.coresuite.it (HTTP 200).
[2025-10-27 18:54:54] Invio email vendita #24 a: noreply@express.coresuite.it (operatore Carmine).
[2025-10-27 18:54:55] Resend accepted sale #24 email per noreply@express.coresuite.it (HTTP 200).
[2025-10-28 10:45:17] Invio email vendita #25 a: noreply@express.coresuite.it (operatore Carmine).
[2025-10-28 10:45:17] Resend accepted sale #25 email per noreply@express.coresuite.it (HTTP 200).
[2025-10-28 18:11:07] Invio email vendita #26 a: noreply@express.coresuite.it (operatore Carmine).
[2025-10-28 18:11:08] Resend accepted sale #26 email per noreply@express.coresuite.it (HTTP 200).
[2025-10-29 10:42:05] Invio email vendita #27 a: noreply@express.coresuite.it (operatore Carmine).
[2025-10-29 10:42:07] Resend accepted sale #27 email per noreply@express.coresuite.it (HTTP 200).
[2025-10-29 11:53:10] Invio email vendita #28 a: noreply@express.coresuite.it (operatore Carmine).
[2025-10-29 11:53:11] Resend accepted sale #28 email per noreply@express.coresuite.it (HTTP 200).
[2025-10-30 09:45:12] Invio email vendita #29 a: noreply@express.coresuite.it (operatore Carmine).
[2025-10-30 09:45:12] Resend accepted sale #29 email per noreply@express.coresuite.it (HTTP 200).
[2025-10-30 18:58:04] Invio email vendita #30 a: noreply@express.coresuite.it (operatore Carmine).
[2025-10-30 18:58:05] Resend accepted sale #30 email per noreply@express.coresuite.it (HTTP 200).
